<?xml version="1.0" encoding="UTF-8"?>
<!-- Generated by org.testng.reporters.JUnitReportReporter -->
<testsuite hostname="LAPTOP-IN4KRS2L" failures="0" tests="5" name="org.web.TestClass" time="9.688" errors="0" timestamp="2024-07-11T08:56:09 IST" skipped="0">
  <testcase classname="org.web.TestClass" name="a1" time="4.233"/>
  <testcase classname="org.web.TestClass" name="a2" time="4.629"/>
  <testcase classname="org.web.TestClass" name="a3" time="0.263"/>
  <testcase classname="org.web.TestClass" name="a4" time="0.516"/>
  <testcase classname="org.web.TestClass" name="a5" time="0.047"/>
</testsuite> <!-- org.web.TestClass -->
